C8oSDKAndroid/c8oSDKJUnit/build/outputs/logs/manifest-merger-debug-report.txt
-- Merging decision tree log ---
manifest
ADDED from src\main\AndroidManifest.xml:2:1-20:12
INJECTED from src\main\AndroidManifest.xml:2:1-20:12
INJECTED from src\main\AndroidManifest.xml:2:1-20:12
INJECTED from src\main\AndroidManifest.xml:2:1-20:12
MERGED from [:c8oSDKAndroid] AndroidManifest.xml:2:1-14:12
MERGED from [com.android.support:appcompat-v7:23.1.1] AndroidManifest.xml:17:1-24:12
MERGED from [com.couchbase.lite:couchbase-lite-android:1.4.0] AndroidManifest.xml:2:1-16:12
MERGED from [com.android.support:support-v4:23.1.1] AndroidManifest.xml:17:1-24:12
MERGED from [com.couchbase.lite:couchbase-lite-android-sqlite-custom:1.4.0] AndroidManifest.xml:2:1-13:12
INJECTED from src\main\AndroidManifest.xml:2:1-20:12
INJECTED from src\main\AndroidManifest.xml:2:1-20:12
INJECTED from src\main\AndroidManifest.xml:2:1-20:12
	package
		ADDED from src\main\AndroidManifest.xml:3:5-44
		INJECTED from src\main\AndroidManifest.xml
		INJECTED from src\main\AndroidManifest.xml
	android:versionName
		INJECTED from src\main\AndroidManifest.xml
		ADDED from src\main\AndroidManifest.xml:2:1-20:12
		INJECTED from src\main\AndroidManifest.xml
	android:versionCode
		INJECTED from src\main\AndroidManifest.xml
		ADDED from src\main\AndroidManifest.xml:2:1-20:12
		INJECTED from src\main\AndroidManifest.xml
	xmlns:android
		ADDED from src\main\AndroidManifest.xml:2:11-69
application
ADDED from src\main\AndroidManifest.xml:5:5-18:19
MERGED from [com.android.support:appcompat-v7:23.1.1] AndroidManifest.xml:22:5-20
MERGED from [com.android.support:appcompat-v7:23.1.1] AndroidManifest.xml:22:5-20
MERGED from [com.couchbase.lite:couchbase-lite-android:1.4.0] AndroidManifest.xml:14:5-20
MERGED from [com.couchbase.lite:couchbase-lite-android:1.4.0] AndroidManifest.xml:14:5-20
MERGED from [com.android.support:support-v4:23.1.1] AndroidManifest.xml:22:5-20
MERGED from [com.android.support:support-v4:23.1.1] AndroidManifest.xml:22:5-20
MERGED from [com.couchbase.lite:couchbase-lite-android-sqlite-custom:1.4.0] AndroidManifest.xml:11:5-20
MERGED from [com.couchbase.lite:couchbase-lite-android-sqlite-custom:1.4.0] AndroidManifest.xml:11:5-20
	android:supportsRtl
		ADDED from src\main\AndroidManifest.xml:9:9-35
	android:label
		ADDED from src\main\AndroidManifest.xml:8:9-41
	android:allowBackup
		ADDED from src\main\AndroidManifest.xml:6:9-35
	android:theme
		ADDED from src\main\AndroidManifest.xml:10:9-53
activity#com.convertigo.clientsdkjunit.MainActivity
ADDED from src\main\AndroidManifest.xml:11:9-17:20
	android:name
		ADDED from src\main\AndroidManifest.xml:11:19-47
intent-filter#action:name:android.intent.action.MAIN+category:name:android.intent.category.LAUNCHER
ADDED from src\main\AndroidManifest.xml:12:13-16:29
action#android.intent.action.MAIN
ADDED from src\main\AndroidManifest.xml:13:17-69
	android:name
		ADDED from src\main\AndroidManifest.xml:13:25-66
category#android.intent.category.LAUNCHER
ADDED from src\main\AndroidManifest.xml:15:17-77
	android:name
		ADDED from src\main\AndroidManifest.xml:15:27-74
uses-sdk
INJECTED from src\main\AndroidManifest.xml reason: use-sdk injection requested
INJECTED from src\main\AndroidManifest.xml
INJECTED from src\main\AndroidManifest.xml
MERGED from [:c8oSDKAndroid] AndroidManifest.xml:7:5-9:41
MERGED from [:c8oSDKAndroid] AndroidManifest.xml:7:5-9:41
MERGED from [com.android.support:appcompat-v7:23.1.1] AndroidManifest.xml:20:5-43
MERGED from [com.android.support:appcompat-v7:23.1.1] AndroidManifest.xml:20:5-43
MERGED from [com.couchbase.lite:couchbase-lite-android:1.4.0] AndroidManifest.xml:7:5-9:41
MERGED from [com.couchbase.lite:couchbase-lite-android:1.4.0] AndroidManifest.xml:7:5-9:41
MERGED from [com.android.support:support-v4:23.1.1] AndroidManifest.xml:20:5-43
MERGED from [com.android.support:support-v4:23.1.1] AndroidManifest.xml:20:5-43
MERGED from [com.couchbase.lite:couchbase-lite-android-sqlite-custom:1.4.0] AndroidManifest.xml:7:5-9:41
MERGED from [com.couchbase.lite:couchbase-lite-android-sqlite-custom:1.4.0] AndroidManifest.xml:7:5-9:41
INJECTED from src\main\AndroidManifest.xml
INJECTED from src\main\AndroidManifest.xml
	android:targetSdkVersion
		INJECTED from src\main\AndroidManifest.xml
		ADDED from src\main\AndroidManifest.xml
		INJECTED from src\main\AndroidManifest.xml
	android:minSdkVersion
		INJECTED from src\main\AndroidManifest.xml
		ADDED from src\main\AndroidManifest.xml
		INJECTED from src\main\AndroidManifest.xml
uses-permission#android.permission.INTERNET
ADDED from [:c8oSDKAndroid] AndroidManifest.xml:11:5-67
MERGED from [com.couchbase.lite:couchbase-lite-android:1.4.0] AndroidManifest.xml:11:5-67
MERGED from [com.couchbase.lite:couchbase-lite-android:1.4.0] AndroidManifest.xml:11:5-67
	android:name
		ADDED from [:c8oSDKAndroid] AndroidManifest.xml:11:22-64
uses-permission#android.permission.ACCESS_NETWORK_STATE
ADDED from [:c8oSDKAndroid] AndroidManifest.xml:12:5-79
MERGED from [com.couchbase.lite:couchbase-lite-android:1.4.0] AndroidManifest.xml:12:5-79
MERGED from [com.couchbase.lite:couchbase-lite-android:1.4.0] AndroidManifest.xml:12:5-79
	android:name
		ADDED from [:c8oSDKAndroid] AndroidManifest.xml:12:22-76